2018-09-06 19:26:08.880  INFO 8710 --- [main] c.i.ilikeit.ProjectStartDemoApplication  : Starting ProjectStartDemoApplication on aurora with PID 8710 (/home/hlebik/IdeaProjects/projectstartdemo/target/classes started by hlebik in /home/hlebik/IdeaProjects/projectstartdemo)
2018-09-06 19:26:08.966  INFO 8710 --- [main] c.i.ilikeit.ProjectStartDemoApplication  : No active profile set, falling back to default profiles: default
2018-09-06 19:26:09.182  INFO 8710 --- [main] ConfigServletWebServerApplicationContext : Refreshing org.springframework.boot.web.servlet.context.AnnotationConfigServletWebServerApplicationContext@71529963: startup date [Thu Sep 06 19:26:09 MSK 2018]; root of context hierarchy
2018-09-06 19:26:13.090  INFO 8710 --- [main] trationDelegate$BeanPostProcessorChecker : Bean 'org.springframework.transaction.annotation.ProxyTransactionManagementConfiguration' of type [org.springframework.transaction.annotation.ProxyTransactionManagementConfiguration$$EnhancerBySpringCGLIB$$ae487c08] is not eligible for getting processed by all BeanPostProcessors (for example: not eligible for auto-proxying)
2018-09-06 19:26:14.108  INFO 8710 --- [main] o.s.b.w.embedded.tomcat.TomcatWebServer  : Tomcat initialized with port(s): 8080 (http)
2018-09-06 19:26:14.207  INFO 8710 --- [main] o.apache.catalina.core.StandardService   : Starting service [Tomcat]
2018-09-06 19:26:14.212  INFO 8710 --- [main] org.apache.catalina.core.StandardEngine  : Starting Servlet Engine: Apache Tomcat/8.5.32
2018-09-06 19:26:14.243  INFO 8710 --- [localhost-startStop-1] o.a.catalina.core.AprLifecycleListener   : The APR based Apache Tomcat Native library which allows optimal performance in production environments was not found on the java.library.path: [/usr/java/packages/lib/amd64:/usr/lib64:/lib64:/lib:/usr/lib]
2018-09-06 19:26:14.437  INFO 8710 --- [localhost-startStop-1] o.a.c.c.C.[Tomcat].[localhost].[/]       : Initializing Spring embedded WebApplicationContext
2018-09-06 19:26:14.442  INFO 8710 --- [localhost-startStop-1] o.s.web.context.ContextLoader            : Root WebApplicationContext: initialization completed in 5271 ms
2018-09-06 19:26:14.590  INFO 8710 --- [localhost-startStop-1] o.s.b.w.servlet.FilterRegistrationBean   : Mapping filter: 'characterEncodingFilter' to: [/*]
2018-09-06 19:26:14.592  INFO 8710 --- [localhost-startStop-1] o.s.b.w.servlet.FilterRegistrationBean   : Mapping filter: 'hiddenHttpMethodFilter' to: [/*]
2018-09-06 19:26:14.592  INFO 8710 --- [localhost-startStop-1] o.s.b.w.servlet.FilterRegistrationBean   : Mapping filter: 'httpPutFormContentFilter' to: [/*]
2018-09-06 19:26:14.593  INFO 8710 --- [localhost-startStop-1] o.s.b.w.servlet.FilterRegistrationBean   : Mapping filter: 'requestContextFilter' to: [/*]
2018-09-06 19:26:14.594  INFO 8710 --- [localhost-startStop-1] .s.DelegatingFilterProxyRegistrationBean : Mapping filter: 'springSecurityFilterChain' to: [/*]
2018-09-06 19:26:14.595  INFO 8710 --- [localhost-startStop-1] o.s.b.w.servlet.ServletRegistrationBean  : Servlet dispatcherServlet mapped to [/]
2018-09-06 19:26:15.250  INFO 8710 --- [main] com.zaxxer.hikari.HikariDataSource       : HikariPool-1 - Starting...
2018-09-06 19:26:15.765  INFO 8710 --- [main] com.zaxxer.hikari.HikariDataSource       : HikariPool-1 - Start completed.
2018-09-06 19:26:16.240  INFO 8710 --- [main] liquibase                                : Successfully acquired change log lock
2018-09-06 19:26:18.234  INFO 8710 --- [main] liquibase                                : Reading from starter.DATABASECHANGELOG
2018-09-06 19:26:18.335  INFO 8710 --- [main] liquibase                                : Successfully released change log lock
2018-09-06 19:26:18.738  INFO 8710 --- [main] j.LocalContainerEntityManagerFactoryBean : Building JPA container EntityManagerFactory for persistence unit 'default'
2018-09-06 19:26:18.809  INFO 8710 --- [main] o.hibernate.jpa.internal.util.LogHelper  : HHH000204: Processing PersistenceUnitInfo [
	name: default
	...]
2018-09-06 19:26:19.043  INFO 8710 --- [main] org.hibernate.Version                    : HHH000412: Hibernate Core {5.2.17.Final}
2018-09-06 19:26:19.047  INFO 8710 --- [main] org.hibernate.cfg.Environment            : HHH000206: hibernate.properties not found
2018-09-06 19:26:19.098  INFO 8710 --- [main] o.hibernate.annotations.common.Version   : HCANN000001: Hibernate Commons Annotations {5.0.1.Final}
2018-09-06 19:26:19.374  INFO 8710 --- [main] org.hibernate.dialect.Dialect            : HHH000400: Using dialect: org.hibernate.dialect.MySQL5Dialect
2018-09-06 19:26:20.385  INFO 8710 --- [main] j.LocalContainerEntityManagerFactoryBean : Initialized JPA EntityManagerFactory for persistence unit 'default'
2018-09-06 19:26:22.508  WARN 8710 --- [main] ConfigServletWebServerApplicationContext : Exception encountered during context initialization - cancelling refresh attempt: org.springframework.beans.factory.UnsatisfiedDependencyException: Error creating bean with name 'userControllers': Unsatisfied dependency expressed through field 'jwtAuthenticationFilter'; nested exception is org.springframework.beans.factory.NoSuchBeanDefinitionException: No qualifying bean of type 'com.idglebik.ilikeit.config.JWTAuthenticationFilter' available: expected at least 1 bean which qualifies as autowire candidate. Dependency annotations: {@org.springframework.beans.factory.annotation.Autowired(required=true)}
2018-09-06 19:26:22.512  INFO 8710 --- [main] j.LocalContainerEntityManagerFactoryBean : Closing JPA EntityManagerFactory for persistence unit 'default'
2018-09-06 19:26:22.514  INFO 8710 --- [main] com.zaxxer.hikari.HikariDataSource       : HikariPool-1 - Shutdown initiated...
2018-09-06 19:26:22.531  INFO 8710 --- [main] com.zaxxer.hikari.HikariDataSource       : HikariPool-1 - Shutdown completed.
2018-09-06 19:26:22.536  INFO 8710 --- [main] o.apache.catalina.core.StandardService   : Stopping service [Tomcat]
2018-09-06 19:26:22.634  INFO 8710 --- [main] ConditionEvaluationReportLoggingListener : 

Error starting ApplicationContext. To display the conditions report re-run your application with 'debug' enabled.
2018-09-06 19:26:22.913 ERROR 8710 --- [main] o.s.b.d.LoggingFailureAnalysisReporter   : 

***************************
APPLICATION FAILED TO START
***************************

Description:

Field jwtAuthenticationFilter in com.idglebik.ilikeit.test.UserControllers required a bean of type 'com.idglebik.ilikeit.config.JWTAuthenticationFilter' that could not be found.


Action:

Consider defining a bean of type 'com.idglebik.ilikeit.config.JWTAuthenticationFilter' in your configuration.

2018-09-06 19:26:59.992  INFO 8855 --- [main] c.i.ilikeit.ProjectStartDemoApplication  : Starting ProjectStartDemoApplication on aurora with PID 8855 (/home/hlebik/IdeaProjects/projectstartdemo/target/classes started by hlebik in /home/hlebik/IdeaProjects/projectstartdemo)
2018-09-06 19:27:00.006  INFO 8855 --- [main] c.i.ilikeit.ProjectStartDemoApplication  : No active profile set, falling back to default profiles: default
2018-09-06 19:27:00.254  INFO 8855 --- [main] ConfigServletWebServerApplicationContext : Refreshing org.springframework.boot.web.servlet.context.AnnotationConfigServletWebServerApplicationContext@61a88b8c: startup date [Thu Sep 06 19:27:00 MSK 2018]; root of context hierarchy
2018-09-06 19:27:03.613  INFO 8855 --- [main] trationDelegate$BeanPostProcessorChecker : Bean 'org.springframework.transaction.annotation.ProxyTransactionManagementConfiguration' of type [org.springframework.transaction.annotation.ProxyTransactionManagementConfiguration$$EnhancerBySpringCGLIB$$2d0cfb99] is not eligible for getting processed by all BeanPostProcessors (for example: not eligible for auto-proxying)
2018-09-06 19:27:04.512  INFO 8855 --- [main] o.s.b.w.embedded.tomcat.TomcatWebServer  : Tomcat initialized with port(s): 8080 (http)
2018-09-06 19:27:04.561  INFO 8855 --- [main] o.apache.catalina.core.StandardService   : Starting service [Tomcat]
2018-09-06 19:27:04.563  INFO 8855 --- [main] org.apache.catalina.core.StandardEngine  : Starting Servlet Engine: Apache Tomcat/8.5.32
2018-09-06 19:27:04.578  INFO 8855 --- [localhost-startStop-1] o.a.catalina.core.AprLifecycleListener   : The APR based Apache Tomcat Native library which allows optimal performance in production environments was not found on the java.library.path: [/usr/java/packages/lib/amd64:/usr/lib64:/lib64:/lib:/usr/lib]
2018-09-06 19:27:04.764  INFO 8855 --- [localhost-startStop-1] o.a.c.c.C.[Tomcat].[localhost].[/]       : Initializing Spring embedded WebApplicationContext
2018-09-06 19:27:04.764  INFO 8855 --- [localhost-startStop-1] o.s.web.context.ContextLoader            : Root WebApplicationContext: initialization completed in 4510 ms
2018-09-06 19:27:04.930  INFO 8855 --- [localhost-startStop-1] o.s.b.w.servlet.FilterRegistrationBean   : Mapping filter: 'characterEncodingFilter' to: [/*]
2018-09-06 19:27:04.931  INFO 8855 --- [localhost-startStop-1] o.s.b.w.servlet.FilterRegistrationBean   : Mapping filter: 'hiddenHttpMethodFilter' to: [/*]
2018-09-06 19:27:04.934  INFO 8855 --- [localhost-startStop-1] o.s.b.w.servlet.FilterRegistrationBean   : Mapping filter: 'httpPutFormContentFilter' to: [/*]
2018-09-06 19:27:04.936  INFO 8855 --- [localhost-startStop-1] o.s.b.w.servlet.FilterRegistrationBean   : Mapping filter: 'requestContextFilter' to: [/*]
2018-09-06 19:27:04.936  INFO 8855 --- [localhost-startStop-1] .s.DelegatingFilterProxyRegistrationBean : Mapping filter: 'springSecurityFilterChain' to: [/*]
2018-09-06 19:27:04.937  INFO 8855 --- [localhost-startStop-1] o.s.b.w.servlet.ServletRegistrationBean  : Servlet dispatcherServlet mapped to [/]
2018-09-06 19:27:05.587  INFO 8855 --- [main] com.zaxxer.hikari.HikariDataSource       : HikariPool-1 - Starting...
2018-09-06 19:27:06.026  INFO 8855 --- [main] com.zaxxer.hikari.HikariDataSource       : HikariPool-1 - Start completed.
2018-09-06 19:27:06.326  INFO 8855 --- [main] liquibase                                : Successfully acquired change log lock
2018-09-06 19:27:07.945  INFO 8855 --- [main] liquibase                                : Reading from starter.DATABASECHANGELOG
2018-09-06 19:27:08.060  INFO 8855 --- [main] liquibase                                : Successfully released change log lock
2018-09-06 19:27:08.286  INFO 8855 --- [main] j.LocalContainerEntityManagerFactoryBean : Building JPA container EntityManagerFactory for persistence unit 'default'
2018-09-06 19:27:08.313  INFO 8855 --- [main] o.hibernate.jpa.internal.util.LogHelper  : HHH000204: Processing PersistenceUnitInfo [
	name: default
	...]
2018-09-06 19:27:08.427  INFO 8855 --- [main] org.hibernate.Version                    : HHH000412: Hibernate Core {5.2.17.Final}
2018-09-06 19:27:08.430  INFO 8855 --- [main] org.hibernate.cfg.Environment            : HHH000206: hibernate.properties not found
2018-09-06 19:27:08.493  INFO 8855 --- [main] o.hibernate.annotations.common.Version   : HCANN000001: Hibernate Commons Annotations {5.0.1.Final}
2018-09-06 19:27:08.911  INFO 8855 --- [main] org.hibernate.dialect.Dialect            : HHH000400: Using dialect: org.hibernate.dialect.MySQL5Dialect
2018-09-06 19:27:09.964  INFO 8855 --- [main] j.LocalContainerEntityManagerFactoryBean : Initialized JPA EntityManagerFactory for persistence unit 'default'
2018-09-06 19:27:11.768  WARN 8855 --- [main] ConfigServletWebServerApplicationContext : Exception encountered during context initialization - cancelling refresh attempt: org.springframework.beans.factory.UnsatisfiedDependencyException: Error creating bean with name 'userControllers': Unsatisfied dependency expressed through field 'jwtAuthenticationFilter'; nested exception is org.springframework.beans.factory.NoSuchBeanDefinitionException: No qualifying bean of type 'com.idglebik.ilikeit.config.JWTAuthenticationFilter' available: expected at least 1 bean which qualifies as autowire candidate. Dependency annotations: {@org.springframework.beans.factory.annotation.Autowired(required=true)}
2018-09-06 19:27:11.779  INFO 8855 --- [main] j.LocalContainerEntityManagerFactoryBean : Closing JPA EntityManagerFactory for persistence unit 'default'
2018-09-06 19:27:11.784  INFO 8855 --- [main] com.zaxxer.hikari.HikariDataSource       : HikariPool-1 - Shutdown initiated...
2018-09-06 19:27:11.803  INFO 8855 --- [main] com.zaxxer.hikari.HikariDataSource       : HikariPool-1 - Shutdown completed.
2018-09-06 19:27:11.815  INFO 8855 --- [main] o.apache.catalina.core.StandardService   : Stopping service [Tomcat]
2018-09-06 19:27:11.850  INFO 8855 --- [main] ConditionEvaluationReportLoggingListener : 

Error starting ApplicationContext. To display the conditions report re-run your application with 'debug' enabled.
2018-09-06 19:27:12.057 ERROR 8855 --- [main] o.s.b.d.LoggingFailureAnalysisReporter   : 

***************************
APPLICATION FAILED TO START
***************************

Description:

Field jwtAuthenticationFilter in com.idglebik.ilikeit.test.UserControllers required a bean of type 'com.idglebik.ilikeit.config.JWTAuthenticationFilter' that could not be found.


Action:

Consider defining a bean of type 'com.idglebik.ilikeit.config.JWTAuthenticationFilter' in your configuration.

